\BOOKMARK [0][-]{chapter.1}{\376\377\000I\000n\000t\000r\000o\000d\000u\000c\000c\000i\000\363\000n}{}% 1
\BOOKMARK [1][-]{section.1.1}{\376\377\000M\000o\000t\000i\000v\000a\000c\000i\000\363\000n\000\040\000d\000e\000l\000\040\000p\000r\000o\000y\000e\000c\000t\000o}{chapter.1}% 2
\BOOKMARK [1][-]{section.1.2}{\376\377\000C\000o\000n\000t\000e\000x\000t\000o\000\040\000d\000e\000l\000\040\000p\000r\000o\000y\000e\000c\000t\000o}{chapter.1}% 3
\BOOKMARK [1][-]{section.1.3}{\376\377\000O\000b\000j\000e\000t\000i\000v\000o\000s}{chapter.1}% 4
\BOOKMARK [1][-]{section.1.4}{\376\377\000E\000s\000t\000r\000u\000c\000t\000u\000r\000a\000\040\000d\000e\000l\000\040\000D\000o\000c\000u\000m\000e\000n\000t\000o\000\040\000\050\000r\000e\000v\000i\000s\000a\000r\000\051}{chapter.1}% 5
\BOOKMARK [0][-]{chapter.2}{\376\377\000T\000r\000a\000b\000a\000j\000o\000\040\000r\000e\000l\000a\000c\000i\000o\000n\000a\000d\000o\000\040\000y\000\040\000E\000s\000t\000a\000d\000o\000\040\000d\000e\000l\000\040\000A\000r\000t\000e\000\040\000\050\000r\000e\000v\000i\000s\000a\000r\000\051}{}% 6
\BOOKMARK [1][-]{section.2.1}{\376\377\000E\000l\000\040\000S\000i\000s\000t\000e\000m\000a\000\040\000R\000E\000D\000\040\000y\000\040\000l\000a\000\040\000c\000o\000m\000u\000n\000i\000c\000a\000c\000i\000\363\000n\000\040\000o\000f\000i\000c\000i\000a\000l\000\040\000c\000o\000n\000\040\000l\000a\000\040\000T\000G\000S\000S}{chapter.2}% 7
\BOOKMARK [1][-]{section.2.2}{\376\377\000S\000o\000l\000u\000c\000i\000o\000n\000e\000s\000\040\000a\000l\000t\000e\000r\000n\000a\000t\000i\000v\000a\000s\000\040\000y\000\040\000A\000P\000I\000s\000\040\000d\000e\000\040\000t\000e\000r\000c\000e\000r\000o\000s}{chapter.2}% 8
\BOOKMARK [1][-]{section.2.3}{\376\377\000T\000e\000c\000n\000o\000l\000o\000g\000\355\000a\000s\000\040\000L\000o\000w\000-\000C\000o\000d\000e\000\040\000y\000\040\000B\000a\000c\000k\000e\000n\000d\000-\000a\000s\000-\000a\000-\000S\000e\000r\000v\000i\000c\000e\000\040\000\050\000B\000a\000a\000S\000\051}{chapter.2}% 9
\BOOKMARK [1][-]{section.2.4}{\376\377\000A\000r\000q\000u\000i\000t\000e\000c\000t\000u\000r\000a\000s\000\040\000M\000u\000l\000t\000i\000-\000T\000e\000n\000a\000n\000t\000\040\000y\000\040\000C\000u\000m\000p\000l\000i\000m\000i\000e\000n\000t\000o\000\040\000d\000e\000l\000\040\000R\000G\000P\000D}{chapter.2}% 10
\BOOKMARK [0][-]{chapter.3}{\376\377\000M\000e\000t\000o\000d\000o\000l\000o\000g\000\355\000a\000\040\000y\000\040\000H\000e\000r\000r\000a\000m\000i\000e\000n\000t\000a\000s}{}% 11
\BOOKMARK [1][-]{section.3.1}{\376\377\000M\000e\000t\000o\000d\000o\000l\000o\000g\000\355\000a\000\040\000d\000e\000\040\000D\000e\000s\000a\000r\000r\000o\000l\000l\000o}{chapter.3}% 12
\BOOKMARK [1][-]{section.3.2}{\376\377\000H\000e\000r\000r\000a\000m\000i\000e\000n\000t\000a\000s\000\040\000E\000m\000p\000l\000e\000a\000d\000a\000s}{chapter.3}% 13
\BOOKMARK [2][-]{subsection.3.2.1}{\376\377\000H\000e\000r\000r\000a\000m\000i\000e\000n\000t\000a\000s\000\040\000d\000e\000\040\000C\000o\000l\000a\000b\000o\000r\000a\000c\000i\000\363\000n\000\040\000y\000\040\000G\000e\000s\000t\000i\000\363\000n\000\040\000L\000a\000b\000o\000r\000a\000l}{section.3.2}% 14
\BOOKMARK [3][-]{subsubsection.3.2.1.1}{\376\377\000M\000i\000c\000r\000o\000s\000o\000f\000t\000\040\000T\000e\000a\000m\000s}{subsection.3.2.1}% 15
\BOOKMARK [3][-]{subsubsection.3.2.1.2}{\376\377\000M\000i\000c\000r\000o\000s\000o\000f\000t\000\040\000W\000o\000r\000d}{subsection.3.2.1}% 16
\BOOKMARK [3][-]{subsubsection.3.2.1.3}{\376\377\000M\000i\000c\000r\000o\000s\000o\000f\000t\000\040\000P\000o\000w\000e\000r\000P\000o\000i\000n\000t}{subsection.3.2.1}% 17
\BOOKMARK [3][-]{subsubsection.3.2.1.4}{\376\377\000M\000i\000c\000r\000o\000s\000o\000f\000t\000\040\000E\000x\000c\000e\000l}{subsection.3.2.1}% 18
\BOOKMARK [3][-]{subsubsection.3.2.1.5}{\376\377\000M\000i\000c\000r\000o\000s\000o\000f\000t\000\040\000C\000o\000p\000i\000l\000o\000t}{subsection.3.2.1}% 19
\BOOKMARK [2][-]{subsection.3.2.2}{\376\377\000H\000e\000r\000r\000a\000m\000i\000e\000n\000t\000a\000s\000\040\000d\000e\000\040\000D\000e\000s\000a\000r\000r\000o\000l\000l\000o\000\040\000F\000r\000o\000n\000t\000e\000n\000d}{section.3.2}% 20
\BOOKMARK [3][-]{subsubsection.3.2.2.1}{\376\377\000F\000l\000u\000t\000t\000e\000r\000F\000l\000o\000w}{subsection.3.2.2}% 21
\BOOKMARK [3][-]{subsubsection.3.2.2.2}{\376\377\000D\000a\000r\000t}{subsection.3.2.2}% 22
\BOOKMARK [2][-]{subsection.3.2.3}{\376\377\000H\000e\000r\000r\000a\000m\000i\000e\000n\000t\000a\000s\000\040\000d\000e\000\040\000D\000e\000s\000a\000r\000r\000o\000l\000l\000o\000\040\000B\000a\000c\000k\000e\000n\000d\000\040\000e\000\040\000I\000n\000f\000r\000a\000e\000s\000t\000r\000u\000c\000t\000u\000r\000a}{section.3.2}% 23
\BOOKMARK [3][-]{subsubsection.3.2.3.1}{\376\377\000F\000i\000r\000e\000b\000a\000s\000e}{subsection.3.2.3}% 24
\BOOKMARK [3][-]{subsubsection.3.2.3.2}{\376\377\000F\000i\000r\000e\000s\000t\000o\000r\000e}{subsection.3.2.3}% 25
\BOOKMARK [3][-]{subsubsection.3.2.3.3}{\376\377\000F\000i\000r\000e\000b\000a\000s\000e\000\040\000A\000u\000t\000h\000e\000n\000t\000i\000c\000a\000t\000i\000o\000n}{subsection.3.2.3}% 26
\BOOKMARK [2][-]{subsection.3.2.4}{\376\377\000H\000e\000r\000r\000a\000m\000i\000e\000n\000t\000a\000s\000\040\000d\000e\000\040\000A\000p\000o\000y\000o\000\040\000y\000\040\000C\000o\000n\000t\000r\000o\000l\000\040\000d\000e\000\040\000V\000e\000r\000s\000i\000o\000n\000e\000s}{section.3.2}% 27
\BOOKMARK [3][-]{subsubsection.3.2.4.1}{\376\377\000G\000i\000t\000H\000u\000b}{subsection.3.2.4}% 28
\BOOKMARK [2][-]{subsection.3.2.5}{\376\377\000H\000e\000r\000r\000a\000m\000i\000e\000n\000t\000a\000s\000\040\000d\000e\000\040\000R\000e\000d\000a\000c\000c\000i\000\363\000n\000\040\000y\000\040\000F\000o\000r\000m\000a\000t\000o}{section.3.2}% 29
\BOOKMARK [3][-]{subsubsection.3.2.5.1}{\376\377\000V\000i\000s\000u\000a\000l\000\040\000S\000t\000u\000d\000i\000o\000\040\000C\000o\000d\000e}{subsection.3.2.5}% 30
\BOOKMARK [3][-]{subsubsection.3.2.5.2}{\376\377\000L\000a\000T\000e\000X}{subsection.3.2.5}% 31
\BOOKMARK [0][-]{chapter.4}{\376\377\000M\000\363\000d\000u\000l\000o\000\040\000d\000e\000\040\000G\000e\000s\000t\000i\000\363\000n}{}% 32
\BOOKMARK [1][-]{section.4.1}{\376\377\000G\000e\000s\000t\000i\000\363\000n\000\040\000d\000e\000\040\000U\000s\000u\000a\000r\000i\000o\000s\000\040\000y\000\040\000A\000u\000t\000e\000n\000t\000i\000c\000a\000c\000i\000\363\000n}{chapter.4}% 33
\BOOKMARK [2][-]{subsection.4.1.1}{\376\377\000P\000r\000o\000c\000e\000s\000o\000\040\000d\000e\000\040\000L\000o\000g\000i\000n\000\040\000y\000\040\000P\000e\000t\000i\000c\000i\000o\000n\000e\000s\000\040\000a\000\040\000F\000i\000r\000e\000b\000a\000s\000e}{section.4.1}% 34
\BOOKMARK [3][-]{subsubsection.4.1.1.1}{\376\377\000U\000s\000o\000\040\000d\000e\000\040\000F\000i\000r\000e\000b\000a\000s\000e\000\040\000A\000u\000t\000h\000e\000n\000t\000i\000c\000a\000t\000i\000o\000n}{subsection.4.1.1}% 35
\BOOKMARK [3][-]{subsubsection.4.1.1.2}{\376\377\000T\000i\000p\000o\000s\000\040\000d\000e\000\040\000U\000s\000u\000a\000r\000i\000o\000s}{subsection.4.1.1}% 36
\BOOKMARK [2][-]{subsection.4.1.2}{\376\377\000D\000e\000l\000e\000g\000a\000c\000i\000\363\000n\000\040\000d\000e\000\040\000P\000e\000r\000m\000i\000s\000o\000s}{section.4.1}% 37
\BOOKMARK [1][-]{section.4.2}{\376\377\000E\000s\000t\000r\000u\000c\000t\000u\000r\000a\000\040\000d\000e\000l\000\040\000F\000r\000o\000n\000t\000e\000n\000d}{chapter.4}% 38
\BOOKMARK [1][-]{section.4.3}{\376\377\000E\000s\000t\000r\000u\000c\000t\000u\000r\000a\000\040\000d\000e\000l\000\040\000B\000a\000c\000k\000e\000n\000d}{chapter.4}% 39
\BOOKMARK [0][-]{chapter.5}{\376\377\000M\000\363\000d\000u\000l\000o\000\040\000d\000e\000\040\000A\000u\000t\000e\000n\000t\000i\000c\000a\000c\000i\000\363\000n\000\040\000y\000\040\000C\000o\000n\000t\000r\000o\000l\000\040\000d\000e\000\040\000R\000o\000l\000e\000s}{}% 40
\BOOKMARK [1][-]{section.5.1}{\376\377\000P\000a\000n\000t\000a\000l\000l\000a\000\040\000P\000r\000i\000n\000c\000i\000p\000a\000l\000\040\000y\000\040\000O\000p\000c\000i\000o\000n\000e\000s\000\040\000d\000e\000\040\000U\000s\000u\000a\000r\000i\000o}{chapter.5}% 41
\BOOKMARK [2][-]{subsection.5.1.1}{\376\377\000O\000p\000c\000i\000o\000n\000e\000s\000\040\000d\000e\000\040\000A\000d\000m\000i\000n\000i\000s\000t\000r\000a\000d\000o\000r}{section.5.1}% 42
\BOOKMARK [2][-]{subsection.5.1.2}{\376\377\000O\000p\000c\000i\000o\000n\000e\000s\000\040\000d\000e\000\040\000S\000u\000p\000e\000r\000v\000i\000s\000o\000r}{section.5.1}% 43
\BOOKMARK [2][-]{subsection.5.1.3}{\376\377\000O\000p\000c\000i\000o\000n\000e\000s\000\040\000d\000e\000l\000\040\000U\000s\000u\000a\000r\000i\000o\000\040\000d\000e\000\040\000R\000e\000c\000u\000r\000s\000o\000s\000\040\000H\000u\000m\000a\000n\000o\000s}{section.5.1}% 44
\BOOKMARK [1][-]{section.5.2}{\376\377\000G\000e\000s\000t\000i\000\363\000n\000\040\000d\000e\000\040\000D\000a\000t\000o\000s\000\040\000y\000\040\000F\000o\000r\000m\000u\000l\000a\000r\000i\000o\000\040\000D\000u\000a\000l}{chapter.5}% 45
\BOOKMARK [2][-]{subsection.5.2.1}{\376\377\000A\000l\000m\000a\000c\000e\000n\000a\000m\000i\000e\000n\000t\000o\000\040\000e\000n\000\040\000G\000o\000o\000g\000l\000e\000\040\000A\000u\000t\000h}{section.5.2}% 46
\BOOKMARK [2][-]{subsection.5.2.2}{\376\377\000A\000l\000m\000a\000c\000e\000n\000a\000m\000i\000e\000n\000t\000o\000\040\000e\000n\000\040\000F\000i\000r\000e\000s\000t\000o\000r\000e}{section.5.2}% 47
\BOOKMARK [3][-]{subsubsection.5.2.2.1}{\376\377\000C\000a\000m\000p\000o\000s\000\040\000d\000e\000\040\000I\000d\000e\000n\000t\000i\000f\000i\000c\000a\000c\000i\000\363\000n\000\040\000y\000\040\000R\000o\000l\000e\000s}{subsection.5.2.2}% 48
\BOOKMARK [3][-]{subsubsection.5.2.2.2}{\376\377\000C\000o\000n\000t\000r\000o\000l\000\040\000d\000e\000\040\000A\000c\000c\000e\000s\000o\000\040\000M\000u\000l\000t\000i\000-\000T\000e\000n\000a\000n\000t}{subsection.5.2.2}% 49
\BOOKMARK [3][-]{subsubsection.5.2.2.3}{\376\377\000L\000i\000s\000t\000a\000\040\000d\000e\000\040\000d\000a\000t\000o\000s\000\040\000d\000e\000\040\000u\000n\000\040\000u\000s\000u\000a\000r\000i\000o}{subsection.5.2.2}% 50
\BOOKMARK [1][-]{section.5.3}{\376\377\000C\000u\000m\000p\000l\000i\000m\000i\000e\000n\000t\000o\000\040\000d\000e\000l\000\040\000R\000G\000P\000D\000\040\000y\000\040\000A\000s\000i\000g\000n\000a\000c\000i\000\363\000n\000\040\000M\000a\000n\000u\000a\000l}{chapter.5}% 51
\BOOKMARK [0][-]{chapter.6}{\376\377\000M\000\363\000d\000u\000l\000o\000\040\000d\000e\000\040\000G\000e\000s\000t\000i\000\363\000n\000\040\000d\000e\000\040\000E\000m\000p\000r\000e\000s\000a\000s}{}% 52
\BOOKMARK [1][-]{section.6.1}{\376\377\000O\000p\000e\000r\000a\000t\000i\000v\000a\000s\000\040\000d\000e\000\040\000G\000e\000s\000t\000i\000\363\000n}{chapter.6}% 53
\BOOKMARK [2][-]{subsection.6.1.1}{\376\377\000C\000r\000e\000a\000c\000i\000\363\000n\000\040\000d\000e\000\040\000N\000u\000e\000v\000a\000\040\000E\000m\000p\000r\000e\000s\000a}{section.6.1}% 54
\BOOKMARK [2][-]{subsection.6.1.2}{\376\377\000G\000e\000s\000t\000i\000\363\000n\000\040\000d\000e\000\040\000E\000m\000p\000r\000e\000s\000a}{section.6.1}% 55
\BOOKMARK [1][-]{section.6.2}{\376\377\000D\000a\000t\000o\000s\000\040\000d\000e\000l\000\040\000F\000o\000r\000m\000u\000l\000a\000r\000i\000o\000\040\000d\000e\000\040\000E\000m\000p\000r\000e\000s\000a}{chapter.6}% 56
\BOOKMARK [2][-]{subsection.6.2.1}{\376\377\000I\000d\000e\000n\000t\000i\000f\000i\000c\000a\000c\000i\000\363\000n\000\040\000y\000\040\000D\000a\000t\000o\000s\000\040\000d\000e\000\040\000R\000e\000g\000i\000s\000t\000r\000o}{section.6.2}% 57
\BOOKMARK [3][-]{subsubsection.6.2.1.1}{\376\377\000I\000d\000e\000n\000t\000i\000f\000i\000c\000a\000c\000i\000\363\000n\000\040\000C\000o\000r\000p\000o\000r\000a\000t\000i\000v\000a}{subsection.6.2.1}% 58
\BOOKMARK [3][-]{subsubsection.6.2.1.2}{\376\377\000I\000n\000f\000o\000r\000m\000a\000c\000i\000\363\000n\000\040\000d\000e\000\040\000D\000o\000m\000i\000c\000i\000l\000i\000o}{subsection.6.2.1}% 59
\BOOKMARK [2][-]{subsection.6.2.2}{\376\377\000P\000a\000r\000\341\000m\000e\000t\000r\000o\000s\000\040\000d\000e\000\040\000C\000o\000t\000i\000z\000a\000c\000i\000\363\000n\000\040\000y\000\040\000A\000c\000t\000i\000v\000i\000d\000a\000d\000\040\000\050\000T\000G\000S\000S\000\051}{section.6.2}% 60
\BOOKMARK [3][-]{subsubsection.6.2.2.1}{\376\377\000D\000a\000t\000o\000s\000\040\000d\000e\000\040\000A\000f\000i\000l\000i\000a\000c\000i\000\363\000n\000\040\000a\000\040\000l\000a\000\040\000S\000e\000g\000u\000r\000i\000d\000a\000d\000\040\000S\000o\000c\000i\000a\000l}{subsection.6.2.2}% 61
\BOOKMARK [3][-]{subsubsection.6.2.2.2}{\376\377\000A\000c\000t\000i\000v\000i\000d\000a\000d\000\040\000y\000\040\000F\000i\000s\000c\000a\000l\000i\000d\000a\000d}{subsection.6.2.2}% 62
\BOOKMARK [2][-]{subsection.6.2.3}{\376\377\000D\000a\000t\000o\000s\000\040\000d\000e\000\040\000C\000o\000n\000t\000r\000a\000t\000o\000s\000\040\000y\000\040\000C\000o\000n\000v\000e\000n\000i\000o\000s}{section.6.2}% 63
\BOOKMARK [3][-]{subsubsection.6.2.3.1}{\376\377\000C\000o\000n\000v\000e\000n\000i\000o\000\040\000A\000p\000l\000i\000c\000a\000b\000l\000e}{subsection.6.2.3}% 64
\BOOKMARK [3][-]{subsubsection.6.2.3.2}{\376\377\000E\000s\000t\000r\000u\000c\000t\000u\000r\000a\000\040\000S\000a\000l\000a\000r\000i\000a\000l}{subsection.6.2.3}% 65
\BOOKMARK [2][-]{subsection.6.2.4}{\376\377\000D\000a\000t\000o\000s\000\040\000d\000e\000\040\000F\000i\000r\000m\000a\000\040\000y\000\040\000D\000o\000c\000u\000m\000e\000n\000t\000a\000c\000i\000\363\000n}{section.6.2}% 66
\BOOKMARK [3][-]{subsubsection.6.2.4.1}{\376\377\000F\000i\000r\000m\000a\000\040\000y\000\040\000R\000e\000p\000r\000e\000s\000e\000n\000t\000a\000c\000i\000\363\000n\000\040\000L\000e\000g\000a\000l}{subsection.6.2.4}% 67
\BOOKMARK [3][-]{subsubsection.6.2.4.2}{\376\377\000G\000e\000s\000t\000i\000\363\000n\000\040\000D\000o\000c\000u\000m\000e\000n\000t\000a\000l\000\040\000y\000\040\000P\000r\000i\000v\000a\000c\000i\000d\000a\000d}{subsection.6.2.4}% 68
\BOOKMARK [0][-]{chapter.7}{\376\377\000P\000r\000u\000e\000b\000a\000s}{}% 69
\BOOKMARK [1][-]{section.7.1}{\376\377\000P\000r\000u\000e\000b\000a\000s\000\040\000d\000e\000\040\000s\000e\000g\000u\000r\000i\000d\000a\000d}{chapter.7}% 70
\BOOKMARK [2][-]{subsection.7.1.1}{\376\377\000E\000l\000e\000v\000a\000c\000i\000\363\000n\000\040\000d\000e\000\040\000p\000r\000i\000v\000i\000l\000e\000g\000i\000o\000s}{section.7.1}% 71
\BOOKMARK [2][-]{subsection.7.1.2}{\376\377\000P\000a\000t\000h\000\040\000T\000r\000a\000v\000e\000r\000s\000a\000l}{section.7.1}% 72
\BOOKMARK [0][-]{chapter.8}{\376\377\000I\000m\000p\000a\000c\000t\000o\000\040\000d\000e\000l\000\040\000t\000r\000a\000b\000a\000j\000o}{}% 73
\BOOKMARK [1][-]{section.8.1}{\376\377\000I\000m\000p\000a\000c\000t\000o\000\040\000g\000e\000n\000e\000r\000a\000l}{chapter.8}% 74
\BOOKMARK [1][-]{section.8.2}{\376\377\000O\000b\000j\000e\000t\000i\000v\000o\000s\000\040\000d\000e\000\040\000D\000e\000s\000a\000r\000r\000o\000l\000l\000o\000\040\000S\000o\000s\000t\000e\000n\000i\000b\000l\000e}{chapter.8}% 75
\BOOKMARK [0][-]{chapter.9}{\376\377\000R\000e\000s\000u\000l\000t\000a\000d\000o\000s\000\040\000y\000\040\000c\000o\000n\000c\000l\000u\000s\000i\000o\000n\000e\000s}{}% 76
\BOOKMARK [1][-]{section.9.1}{\376\377\000R\000e\000s\000u\000l\000t\000a\000d\000o\000s}{chapter.9}% 77
\BOOKMARK [1][-]{section.9.2}{\376\377\000C\000o\000n\000c\000l\000u\000s\000i\000o\000n\000e\000s\000\040\000p\000e\000r\000s\000o\000n\000a\000l\000e\000s}{chapter.9}% 78
\BOOKMARK [1][-]{section.9.3}{\376\377\000T\000r\000a\000b\000a\000j\000o\000\040\000f\000u\000t\000u\000r\000o}{chapter.9}% 79
\BOOKMARK [0][-]{chapter.10}{\376\377\000A\000n\000e\000x\000o}{}% 80
